#
# There is insufficient memory for the Java Runtime Environment to continue.
# Native memory allocation (malloc) failed to allocate 123936 bytes for Chunk::new
# Possible reasons:
#   The system is out of physical RAM or swap space
#   The process is running with CompressedOops enabled, and the Java Heap may be blocking the growth of the native heap
# Possible solutions:
#   Reduce memory load on the system
#   Increase physical memory or swap space
#   Check if swap backing store is full
#   Decrease Java heap size (-Xmx/-Xms)
#   Decrease number of Java threads
#   Decrease Java thread stack sizes (-Xss)
#   Set larger code cache with -XX:ReservedCodeCacheSize=
#   JVM is running with Unscaled Compressed Oops mode in which the Java heap is
#     placed in the first 4GB address space. The Java Heap base address is the
#     maximum limit for the native heap growth. Please use -XX:HeapBaseMinAddress
#     to set the Java Heap base and to place the Java Heap above 4GB virtual address.
# This output file may be truncated or incomplete.
#
#  Out of Memory Error (arena.cpp:184), pid=9224, tid=6084
#
# JRE version: OpenJDK Runtime Environment (19.0.2+7) (build 19.0.2+7-44)
# Java VM: OpenJDK 64-Bit Server VM (19.0.2+7-44, mixed mode, sharing, tiered, compressed oops, compressed class ptrs, g1 gc, windows-amd64)
# No core dump will be written. Minidumps are not enabled by default on client versions of Windows
#

---------------  S U M M A R Y ------------

Command Line: -javaagent:C:\Program Files\JetBrains\IntelliJ IDEA Community Edition 2022.3.3\lib\idea_rt.jar=50872:C:\Program Files\JetBrains\IntelliJ IDEA Community Edition 2022.3.3\bin -Dfile.encoding=UTF-8 -Dsun.stdout.encoding=UTF-8 -Dsun.stderr.encoding=UTF-8 com.driver.Main

Host: Intel(R) Core(TM) i7-6500U CPU @ 2.50GHz, 4 cores, 7G,  Windows 10 , 64 bit Build 19041 (10.0.19041.3031)
Time: Thu Jun  8 18:22:45 2023 India Standard Time elapsed time: 0.572359 seconds (0d 0h 0m 0s)

---------------  T H R E A D  ---------------

Current thread (0x00000259563242c0):  JavaThread "C2 CompilerThread0" daemon [_thread_in_native, id=6084, stack(0x000000cb22e00000,0x000000cb22f00000)]


Current CompileTask:
C2:    572  129       4       java.util.HashMap::putVal (300 bytes)

Stack: [0x000000cb22e00000,0x000000cb22f00000]
Native frames: (J=compiled Java code, j=interpreted, Vv=VM code, C=native code)
V  [jvm.dll+0x6ee21a]
V  [jvm.dll+0x85765e]
V  [jvm.dll+0x85904e]
V  [jvm.dll+0x859703]
V  [jvm.dll+0x28298f]
V  [jvm.dll+0xc9adf]
V  [jvm.dll+0xc9e65]
V  [jvm.dll+0x2f7caf]
V  [jvm.dll+0x5f076b]
V  [jvm.dll+0x255483]
V  [jvm.dll+0x24de26]
V  [jvm.dll+0x24b673]
V  [jvm.dll+0x1d6ce1]
V  [jvm.dll+0x25b25a]
V  [jvm.dll+0x2596e8]
V  [jvm.dll+0x807588]
V  [jvm.dll+0x80125a]
V  [jvm.dll+0x6ecf0b]
C  [ucrtbase.dll+0x21bb2]
C  [KERNEL32.DLL+0x17614]
C  [ntdll.dll+0x526f1]


---------------  P R O C E S S  ---------------

Threads class SMR info:
_java_thread_list=0x000002595a579140, length=11, elements={
0x00000259383ad310, 0x00000259563180d0, 0x0000025956318c00, 0x000002595631a130,
0x000002595631ac60, 0x000002595631d5a0, 0x000002595631e010, 0x00000259563242c0,
0x0000025956330c70, 0x0000025956333200, 0x000002595a55d2f0
}

Java Threads: ( => current thread )
  0x00000259383ad310 JavaThread "main" [_thread_in_vm, id=9312, stack(0x000000cb22100000,0x000000cb22200000)]
  0x00000259563180d0 JavaThread "Reference Handler" daemon [_thread_blocked, id=5416, stack(0x000000cb22800000,0x000000cb22900000)]
  0x0000025956318c00 JavaThread "Finalizer" daemon [_thread_blocked, id=2988, stack(0x000000cb22900000,0x000000cb22a00000)]
  0x000002595631a130 JavaThread "Signal Dispatcher" daemon [_thread_blocked, id=2268, stack(0x000000cb22a00000,0x000000cb22b00000)]
  0x000002595631ac60 JavaThread "Attach Listener" daemon [_thread_blocked, id=10156, stack(0x000000cb22b00000,0x000000cb22c00000)]
  0x000002595631d5a0 JavaThread "Service Thread" daemon [_thread_blocked, id=3176, stack(0x000000cb22c00000,0x000000cb22d00000)]
  0x000002595631e010 JavaThread "Monitor Deflation Thread" daemon [_thread_blocked, id=7776, stack(0x000000cb22d00000,0x000000cb22e00000)]
=>0x00000259563242c0 JavaThread "C2 CompilerThread0" daemon [_thread_in_native, id=6084, stack(0x000000cb22e00000,0x000000cb22f00000)]
  0x0000025956330c70 JavaThread "C1 CompilerThread0" daemon [_thread_blocked, id=13252, stack(0x000000cb22f00000,0x000000cb23000000)]
  0x0000025956333200 JavaThread "Sweeper thread" daemon [_thread_blocked, id=11328, stack(0x000000cb23000000,0x000000cb23100000)]
  0x000002595a55d2f0 JavaThread "Common-Cleaner" daemon [_thread_blocked, id=8948, stack(0x000000cb23100000,0x000000cb23200000)]

Other Threads:
  0x00000259562fb500 VMThread "VM Thread" [stack: 0x000000cb22700000,0x000000cb22800000] [id=13064]
  0x000002593840b8c0 WorkerThread "GC Thread#0" [stack: 0x000000cb22200000,0x000000cb22300000] [id=4844]
  0x000002593841cd30 ConcurrentGCThread "G1 Main Marker" [stack: 0x000000cb22300000,0x000000cb22400000] [id=4732]
  0x000002593841f690 WorkerThread "G1 Conc#0" [stack: 0x000000cb22400000,0x000000cb22500000] [id=13300]
  0x000002593847e820 ConcurrentGCThread "G1 Refine#0" [stack: 0x000000cb22500000,0x000000cb22600000] [id=8408]
  0x00000259561b34b0 ConcurrentGCThread "G1 Service" [stack: 0x000000cb22600000,0x000000cb22700000] [id=9092]

Threads with active compile tasks:
C2 CompilerThread0      678  129       4       java.util.HashMap::putVal (300 bytes)

VM state: not at safepoint (normal execution)

VM Mutex/Monitor currently owned by a thread: None

Heap address: 0x0000000081a00000, size: 2022 MB, Compressed Oops mode: 32-bit

CDS archive(s) mapped at: [0x0000000800000000-0x0000000800c40000-0x0000000800c40000), size 12845056, SharedBaseAddress: 0x0000000800000000, ArchiveRelocationMode: 0.
Compressed class space mapped at: 0x0000000801000000-0x0000000841000000, reserved size: 1073741824
Narrow klass base: 0x0000000800000000, Narrow klass shift: 0, Narrow klass range: 0x100000000

GC Precious Log:
 CardTable entry size: 512
 Card Set container configuration: InlinePtr #cards 5 size 8 Array Of Cards #cards 12 size 40 Howl #buckets 4 coarsen threshold 1843 Howl Bitmap #cards 512 size 80 coarsen threshold 460 Card regions per heap region 1 cards per card region 2048
 CPUs: 4 total, 4 available
 Memory: 8083M
 Large Page Support: Disabled
 NUMA Support: Disabled
 Compressed Oops: Enabled (32-bit)
 Heap Region Size: 1M
 Heap Min Capacity: 8M
 Heap Initial Capacity: 128M
 Heap Max Capacity: 2022M
 Pre-touch: Disabled
 Parallel Workers: 4
 Concurrent Workers: 1
 Concurrent Refinement Workers: 4
 Periodic GC: Disabled

Heap:
 garbage-first heap   total 131072K, used 1024K [0x0000000081a00000, 0x0000000100000000)
  region size 1024K, 2 young (2048K), 0 survivors (0K)
 Metaspace       used 268K, committed 512K, reserved 1114112K
  class space    used 8K, committed 128K, reserved 1048576K

Heap Regions: E=young(eden), S=young(survivor), O=old, HS=humongous(starts), HC=humongous(continues), CS=collection set, F=free, OA=open archive, CA=closed archive, TAMS=top-at-mark-start (previous, next)
|   0|0x0000000081a00000, 0x0000000081a00000, 0x0000000081b00000|  0%| F|  |TAMS 0x0000000081a00000, 0x0000000081a00000| Untracked 
|   1|0x0000000081b00000, 0x0000000081b00000, 0x0000000081c00000|  0%| F|  |TAMS 0x0000000081b00000, 0x0000000081b00000| Untracked 
|   2|0x0000000081c00000, 0x0000000081c00000, 0x0000000081d00000|  0%| F|  |TAMS 0x0000000081c00000, 0x0000000081c00000| Untracked 
|   3|0x0000000081d00000, 0x0000000081d00000, 0x0000000081e00000|  0%| F|  |TAMS 0x0000000081d00000, 0x0000000081d00000| Untracked 
|   4|0x0000000081e00000, 0x0000000081e00000, 0x0000000081f00000|  0%| F|  |TAMS 0x0000000081e00000, 0x0000000081e00000| Untracked 
|   5|0x0000000081f00000, 0x0000000081f00000, 0x0000000082000000|  0%| F|  |TAMS 0x0000000081f00000, 0x0000000081f00000| Untracked 
|   6|0x0000000082000000, 0x0000000082000000, 0x0000000082100000|  0%| F|  |TAMS 0x0000000082000000, 0x0000000082000000| Untracked 
|   7|0x0000000082100000, 0x0000000082100000, 0x0000000082200000|  0%| F|  |TAMS 0x0000000082100000, 0x0000000082100000| Untracked 
|   8|0x0000000082200000, 0x0000000082200000, 0x0000000082300000|  0%| F|  |TAMS 0x0000000082200000, 0x0000000082200000| Untracked 
|   9|0x0000000082300000, 0x0000000082300000, 0x0000000082400000|  0%| F|  |TAMS 0x0000000082300000, 0x0000000082300000| Untracked 
|  10|0x0000000082400000, 0x0000000082400000, 0x0000000082500000|  0%| F|  |TAMS 0x0000000082400000, 0x0000000082400000| Untracked 
|  11|0x0000000082500000, 0x0000000082500000, 0x0000000082600000|  0%| F|  |TAMS 0x0000000082500000, 0x0000000082500000| Untracked 
|  12|0x0000000082600000, 0x0000000082600000, 0x0000000082700000|  0%| F|  |TAMS 0x0000000082600000, 0x0000000082600000| Untracked 
|  13|0x0000000082700000, 0x0000000082700000, 0x0000000082800000|  0%| F|  |TAMS 0x0000000082700000, 0x0000000082700000| Untracked 
|  14|0x0000000082800000, 0x0000000082800000, 0x0000000082900000|  0%| F|  |TAMS 0x0000000082800000, 0x0000000082800000| Untracked 
|  15|0x0000000082900000, 0x0000000082900000, 0x0000000082a00000|  0%| F|  |TAMS 0x0000000082900000, 0x0000000082900000| Untracked 
|  16|0x0000000082a00000, 0x0000000082a00000, 0x0000000082b00000|  0%| F|  |TAMS 0x0000000082a00000, 0x0000000082a00000| Untracked 
|  17|0x0000000082b00000, 0x0000000082b00000, 0x0000000082c00000|  0%| F|  |TAMS 0x0000000082b00000, 0x0000000082b00000| Untracked 
|  18|0x0000000082c00000, 0x0000000082c00000, 0x0000000082d00000|  0%| F|  |TAMS 0x0000000082c00000, 0x0000000082c00000| Untracked 
|  19|0x0000000082d00000, 0x0000000082d00000, 0x0000000082e00000|  0%| F|  |TAMS 0x0000000082d00000, 0x0000000082d00000| Untracked 
|  20|0x0000000082e00000, 0x0000000082e00000, 0x0000000082f00000|  0%| F|  |TAMS 0x0000000082e00000, 0x0000000082e00000| Untracked 
|  21|0x0000000082f00000, 0x0000000082f00000, 0x0000000083000000|  0%| F|  |TAMS 0x0000000082f00000, 0x0000000082f00000| Untracked 
|  22|0x0000000083000000, 0x0000000083000000, 0x0000000083100000|  0%| F|  |TAMS 0x0000000083000000, 0x0000000083000000| Untracked 
|  23|0x0000000083100000, 0x0000000083100000, 0x0000000083200000|  0%| F|  |TAMS 0x0000000083100000, 0x0000000083100000| Untracked 
|  24|0x0000000083200000, 0x0000000083200000, 0x0000000083300000|  0%| F|  |TAMS 0x0000000083200000, 0x0000000083200000| Untracked 
|  25|0x0000000083300000, 0x0000000083300000, 0x0000000083400000|  0%| F|  |TAMS 0x0000000083300000, 0x0000000083300000| Untracked 
|  26|0x0000000083400000, 0x0000000083400000, 0x0000000083500000|  0%| F|  |TAMS 0x0000000083400000, 0x0000000083400000| Untracked 
|  27|0x0000000083500000, 0x0000000083500000, 0x0000000083600000|  0%| F|  |TAMS 0x0000000083500000, 0x0000000083500000| Untracked 
|  28|0x0000000083600000, 0x0000000083600000, 0x0000000083700000|  0%| F|  |TAMS 0x0000000083600000, 0x0000000083600000| Untracked 
|  29|0x0000000083700000, 0x0000000083700000, 0x0000000083800000|  0%| F|  |TAMS 0x0000000083700000, 0x0000000083700000| Untracked 
|  30|0x0000000083800000, 0x0000000083800000, 0x0000000083900000|  0%| F|  |TAMS 0x0000000083800000, 0x0000000083800000| Untracked 
|  31|0x0000000083900000, 0x0000000083900000, 0x0000000083a00000|  0%| F|  |TAMS 0x0000000083900000, 0x0000000083900000| Untracked 
|  32|0x0000000083a00000, 0x0000000083a00000, 0x0000000083b00000|  0%| F|  |TAMS 0x0000000083a00000, 0x0000000083a00000| Untracked 
|  33|0x0000000083b00000, 0x0000000083b00000, 0x0000000083c00000|  0%| F|  |TAMS 0x0000000083b00000, 0x0000000083b00000| Untracked 
|  34|0x0000000083c00000, 0x0000000083c00000, 0x0000000083d00000|  0%| F|  |TAMS 0x0000000083c00000, 0x0000000083c00000| Untracked 
|  35|0x0000000083d00000, 0x0000000083d00000, 0x0000000083e00000|  0%| F|  |TAMS 0x0000000083d00000, 0x0000000083d00000| Untracked 
|  36|0x0000000083e00000, 0x0000000083e00000, 0x0000000083f00000|  0%| F|  |TAMS 0x0000000083e00000, 0x0000000083e00000| Untracked 
|  37|0x0000000083f00000, 0x0000000083f00000, 0x0000000084000000|  0%| F|  |TAMS 0x0000000083f00000, 0x0000000083f00000| Untracked 
|  38|0x0000000084000000, 0x0000000084000000, 0x0000000084100000|  0%| F|  |TAMS 0x0000000084000000, 0x0000000084000000| Untracked 
|  39|0x0000000084100000, 0x0000000084100000, 0x0000000084200000|  0%| F|  |TAMS 0x0000000084100000, 0x0000000084100000| Untracked 
|  40|0x0000000084200000, 0x0000000084200000, 0x0000000084300000|  0%| F|  |TAMS 0x0000000084200000, 0x0000000084200000| Untracked 
|  41|0x0000000084300000, 0x0000000084300000, 0x0000000084400000|  0%| F|  |TAMS 0x0000000084300000, 0x0000000084300000| Untracked 
|  42|0x0000000084400000, 0x0000000084400000, 0x0000000084500000|  0%| F|  |TAMS 0x0000000084400000, 0x0000000084400000| Untracked 
|  43|0x0000000084500000, 0x0000000084500000, 0x0000000084600000|  0%| F|  |TAMS 0x0000000084500000, 0x0000000084500000| Untracked 
|  44|0x0000000084600000, 0x0000000084600000, 0x0000000084700000|  0%| F|  |TAMS 0x0000000084600000, 0x0000000084600000| Untracked 
|  45|0x0000000084700000, 0x0000000084700000, 0x0000000084800000|  0%| F|  |TAMS 0x0000000084700000, 0x0000000084700000| Untracked 
|  46|0x0000000084800000, 0x0000000084800000, 0x0000000084900000|  0%| F|  |TAMS 0x0000000084800000, 0x0000000084800000| Untracked 
|  47|0x0000000084900000, 0x0000000084900000, 0x0000000084a00000|  0%| F|  |TAMS 0x0000000084900000, 0x0000000084900000| Untracked 
|  48|0x0000000084a00000, 0x0000000084a00000, 0x0000000084b00000|  0%| F|  |TAMS 0x0000000084a00000, 0x0000000084a00000| Untracked 
|  49|0x0000000084b00000, 0x0000000084b00000, 0x0000000084c00000|  0%| F|  |TAMS 0x0000000084b00000, 0x0000000084b00000| Untracked 
|  50|0x0000000084c00000, 0x0000000084c00000, 0x0000000084d00000|  0%| F|  |TAMS 0x0000000084c00000, 0x0000000084c00000| Untracked 
|  51|0x0000000084d00000, 0x0000000084d00000, 0x0000000084e00000|  0%| F|  |TAMS 0x0000000084d00000, 0x0000000084d00000| Untracked 
|  52|0x0000000084e00000, 0x0000000084e00000, 0x0000000084f00000|  0%| F|  |TAMS 0x0000000084e00000, 0x0000000084e00000| Untracked 
|  53|0x0000000084f00000, 0x0000000084f00000, 0x0000000085000000|  0%| F|  |TAMS 0x0000000084f00000, 0x0000000084f00000| Untracked 
|  54|0x0000000085000000, 0x0000000085000000, 0x0000000085100000|  0%| F|  |TAMS 0x0000000085000000, 0x0000000085000000| Untracked 
|  55|0x0000000085100000, 0x0000000085100000, 0x0000000085200000|  0%| F|  |TAMS 0x0000000085100000, 0x0000000085100000| Untracked 
|  56|0x0000000085200000, 0x0000000085200000, 0x0000000085300000|  0%| F|  |TAMS 0x0000000085200000, 0x0000000085200000| Untracked 
|  57|0x0000000085300000, 0x0000000085300000, 0x0000000085400000|  0%| F|  |TAMS 0x0000000085300000, 0x0000000085300000| Untracked 
|  58|0x0000000085400000, 0x0000000085400000, 0x0000000085500000|  0%| F|  |TAMS 0x0000000085400000, 0x0000000085400000| Untracked 
|  59|0x0000000085500000, 0x0000000085500000, 0x0000000085600000|  0%| F|  |TAMS 0x0000000085500000, 0x0000000085500000| Untracked 
|  60|0x0000000085600000, 0x0000000085600000, 0x0000000085700000|  0%| F|  |TAMS 0x0000000085600000, 0x0000000085600000| Untracked 
|  61|0x0000000085700000, 0x0000000085700000, 0x0000000085800000|  0%| F|  |TAMS 0x0000000085700000, 0x0000000085700000| Untracked 
|  62|0x0000000085800000, 0x0000000085800000, 0x0000000085900000|  0%| F|  |TAMS 0x0000000085800000, 0x0000000085800000| Untracked 
|  63|0x0000000085900000, 0x0000000085900000, 0x0000000085a00000|  0%| F|  |TAMS 0x0000000085900000, 0x0000000085900000| Untracked 
|  64|0x0000000085a00000, 0x0000000085a00000, 0x0000000085b00000|  0%| F|  |TAMS 0x0000000085a00000, 0x0000000085a00000| Untracked 
|  65|0x0000000085b00000, 0x0000000085b00000, 0x0000000085c00000|  0%| F|  |TAMS 0x0000000085b00000, 0x0000000085b00000| Untracked 
|  66|0x0000000085c00000, 0x0000000085c00000, 0x0000000085d00000|  0%| F|  |TAMS 0x0000000085c00000, 0x0000000085c00000| Untracked 
|  67|0x0000000085d00000, 0x0000000085d00000, 0x0000000085e00000|  0%| F|  |TAMS 0x0000000085d00000, 0x0000000085d00000| Untracked 
|  68|0x0000000085e00000, 0x0000000085e00000, 0x0000000085f00000|  0%| F|  |TAMS 0x0000000085e00000, 0x0000000085e00000| Untracked 
|  69|0x0000000085f00000, 0x0000000085f00000, 0x0000000086000000|  0%| F|  |TAMS 0x0000000085f00000, 0x0000000085f00000| Untracked 
|  70|0x0000000086000000, 0x0000000086000000, 0x0000000086100000|  0%| F|  |TAMS 0x0000000086000000, 0x0000000086000000| Untracked 
|  71|0x0000000086100000, 0x0000000086100000, 0x0000000086200000|  0%| F|  |TAMS 0x0000000086100000, 0x0000000086100000| Untracked 
|  72|0x0000000086200000, 0x0000000086200000, 0x0000000086300000|  0%| F|  |TAMS 0x0000000086200000, 0x0000000086200000| Untracked 
|  73|0x0000000086300000, 0x0000000086300000, 0x0000000086400000|  0%| F|  |TAMS 0x0000000086300000, 0x0000000086300000| Untracked 
|  74|0x0000000086400000, 0x0000000086400000, 0x0000000086500000|  0%| F|  |TAMS 0x0000000086400000, 0x0000000086400000| Untracked 
|  75|0x0000000086500000, 0x0000000086500000, 0x0000000086600000|  0%| F|  |TAMS 0x0000000086500000, 0x0000000086500000| Untracked 
|  76|0x0000000086600000, 0x0000000086600000, 0x0000000086700000|  0%| F|  |TAMS 0x0000000086600000, 0x0000000086600000| Untracked 
|  77|0x0000000086700000, 0x0000000086700000, 0x0000000086800000|  0%| F|  |TAMS 0x0000000086700000, 0x0000000086700000| Untracked 
|  78|0x0000000086800000, 0x0000000086800000, 0x0000000086900000|  0%| F|  |TAMS 0x0000000086800000, 0x0000000086800000| Untracked 
|  79|0x0000000086900000, 0x0000000086900000, 0x0000000086a00000|  0%| F|  |TAMS 0x0000000086900000, 0x0000000086900000| Untracked 
|  80|0x0000000086a00000, 0x0000000086a00000, 0x0000000086b00000|  0%| F|  |TAMS 0x0000000086a00000, 0x0000000086a00000| Untracked 
|  81|0x0000000086b00000, 0x0000000086b00000, 0x0000000086c00000|  0%| F|  |TAMS 0x0000000086b00000, 0x0000000086b00000| Untracked 
|  82|0x0000000086c00000, 0x0000000086c00000, 0x0000000086d00000|  0%| F|  |TAMS 0x0000000086c00000, 0x0000000086c00000| Untracked 
|  83|0x0000000086d00000, 0x0000000086d00000, 0x0000000086e00000|  0%| F|  |TAMS 0x0000000086d00000, 0x0000000086d00000| Untracked 
|  84|0x0000000086e00000, 0x0000000086e00000, 0x0000000086f00000|  0%| F|  |TAMS 0x0000000086e00000, 0x0000000086e00000| Untracked 
|  85|0x0000000086f00000, 0x0000000086f00000, 0x0000000087000000|  0%| F|  |TAMS 0x0000000086f00000, 0x0000000086f00000| Untracked 
|  86|0x0000000087000000, 0x0000000087000000, 0x0000000087100000|  0%| F|  |TAMS 0x0000000087000000, 0x0000000087000000| Untracked 
|  87|0x0000000087100000, 0x0000000087100000, 0x0000000087200000|  0%| F|  |TAMS 0x0000000087100000, 0x0000000087100000| Untracked 
|  88|0x0000000087200000, 0x0000000087200000, 0x0000000087300000|  0%| F|  |TAMS 0x0000000087200000, 0x0000000087200000| Untracked 
|  89|0x0000000087300000, 0x0000000087300000, 0x0000000087400000|  0%| F|  |TAMS 0x0000000087300000, 0x0000000087300000| Untracked 
|  90|0x0000000087400000, 0x0000000087400000, 0x0000000087500000|  0%| F|  |TAMS 0x0000000087400000, 0x0000000087400000| Untracked 
|  91|0x0000000087500000, 0x0000000087500000, 0x0000000087600000|  0%| F|  |TAMS 0x0000000087500000, 0x0000000087500000| Untracked 
|  92|0x0000000087600000, 0x0000000087600000, 0x0000000087700000|  0%| F|  |TAMS 0x0000000087600000, 0x0000000087600000| Untracked 
|  93|0x0000000087700000, 0x0000000087700000, 0x0000000087800000|  0%| F|  |TAMS 0x0000000087700000, 0x0000000087700000| Untracked 
|  94|0x0000000087800000, 0x0000000087800000, 0x0000000087900000|  0%| F|  |TAMS 0x0000000087800000, 0x0000000087800000| Untracked 
|  95|0x0000000087900000, 0x0000000087900000, 0x0000000087a00000|  0%| F|  |TAMS 0x0000000087900000, 0x0000000087900000| Untracked 
|  96|0x0000000087a00000, 0x0000000087a00000, 0x0000000087b00000|  0%| F|  |TAMS 0x0000000087a00000, 0x0000000087a00000| Untracked 
|  97|0x0000000087b00000, 0x0000000087b00000, 0x0000000087c00000|  0%| F|  |TAMS 0x0000000087b00000, 0x0000000087b00000| Untracked 
|  98|0x0000000087c00000, 0x0000000087c00000, 0x0000000087d00000|  0%| F|  |TAMS 0x0000000087c00000, 0x0000000087c00000| Untracked 
|  99|0x0000000087d00000, 0x0000000087d00000, 0x0000000087e00000|  0%| F|  |TAMS 0x0000000087d00000, 0x0000000087d00000| Untracked 
| 100|0x0000000087e00000, 0x0000000087e00000, 0x0000000087f00000|  0%| F|  |TAMS 0x0000000087e00000, 0x0000000087e00000| Untracked 
| 101|0x0000000087f00000, 0x0000000087f00000, 0x0000000088000000|  0%| F|  |TAMS 0x0000000087f00000, 0x0000000087f00000| Untracked 
| 102|0x0000000088000000, 0x0000000088000000, 0x0000000088100000|  0%| F|  |TAMS 0x0000000088000000, 0x0000000088000000| Untracked 
| 103|0x0000000088100000, 0x0000000088100000, 0x0000000088200000|  0%| F|  |TAMS 0x0000000088100000, 0x0000000088100000| Untracked 
| 104|0x0000000088200000, 0x0000000088200000, 0x0000000088300000|  0%| F|  |TAMS 0x0000000088200000, 0x0000000088200000| Untracked 
| 105|0x0000000088300000, 0x0000000088300000, 0x0000000088400000|  0%| F|  |TAMS 0x0000000088300000, 0x0000000088300000| Untracked 
| 106|0x0000000088400000, 0x0000000088400000, 0x0000000088500000|  0%| F|  |TAMS 0x0000000088400000, 0x0000000088400000| Untracked 
| 107|0x0000000088500000, 0x0000000088500000, 0x0000000088600000|  0%| F|  |TAMS 0x0000000088500000, 0x0000000088500000| Untracked 
| 108|0x0000000088600000, 0x0000000088600000, 0x0000000088700000|  0%| F|  |TAMS 0x0000000088600000, 0x0000000088600000| Untracked 
| 109|0x0000000088700000, 0x0000000088700000, 0x0000000088800000|  0%| F|  |TAMS 0x0000000088700000, 0x0000000088700000| Untracked 
| 110|0x0000000088800000, 0x0000000088800000, 0x0000000088900000|  0%| F|  |TAMS 0x0000000088800000, 0x0000000088800000| Untracked 
| 111|0x0000000088900000, 0x0000000088900000, 0x0000000088a00000|  0%| F|  |TAMS 0x0000000088900000, 0x0000000088900000| Untracked 
| 112|0x0000000088a00000, 0x0000000088a00000, 0x0000000088b00000|  0%| F|  |TAMS 0x0000000088a00000, 0x0000000088a00000| Untracked 
| 113|0x0000000088b00000, 0x0000000088b00000, 0x0000000088c00000|  0%| F|  |TAMS 0x0000000088b00000, 0x0000000088b00000| Untracked 
| 114|0x0000000088c00000, 0x0000000088c00000, 0x0000000088d00000|  0%| F|  |TAMS 0x0000000088c00000, 0x0000000088c00000| Untracked 
| 115|0x0000000088d00000, 0x0000000088d00000, 0x0000000088e00000|  0%| F|  |TAMS 0x0000000088d00000, 0x0000000088d00000| Untracked 
| 116|0x0000000088e00000, 0x0000000088e00000, 0x0000000088f00000|  0%| F|  |TAMS 0x0000000088e00000, 0x0000000088e00000| Untracked 
| 117|0x0000000088f00000, 0x0000000088f00000, 0x0000000089000000|  0%| F|  |TAMS 0x0000000088f00000, 0x0000000088f00000| Untracked 
| 118|0x0000000089000000, 0x0000000089000000, 0x0000000089100000|  0%| F|  |TAMS 0x0000000089000000, 0x0000000089000000| Untracked 
| 119|0x0000000089100000, 0x0000000089100000, 0x0000000089200000|  0%| F|  |TAMS 0x0000000089100000, 0x0000000089100000| Untracked 
| 120|0x0000000089200000, 0x0000000089200000, 0x0000000089300000|  0%| F|  |TAMS 0x0000000089200000, 0x0000000089200000| Untracked 
| 121|0x0000000089300000, 0x0000000089300000, 0x0000000089400000|  0%| F|  |TAMS 0x0000000089300000, 0x0000000089300000| Untracked 
| 122|0x0000000089400000, 0x0000000089400000, 0x0000000089500000|  0%| F|  |TAMS 0x0000000089400000, 0x0000000089400000| Untracked 
| 123|0x0000000089500000, 0x0000000089500000, 0x0000000089600000|  0%| F|  |TAMS 0x0000000089500000, 0x0000000089500000| Untracked 
| 124|0x0000000089600000, 0x0000000089600000, 0x0000000089700000|  0%| F|  |TAMS 0x0000000089600000, 0x0000000089600000| Untracked 
| 125|0x0000000089700000, 0x0000000089700000, 0x0000000089800000|  0%| F|  |TAMS 0x0000000089700000, 0x0000000089700000| Untracked 
| 126|0x0000000089800000, 0x0000000089900000, 0x0000000089900000|100%| E|  |TAMS 0x0000000089800000, 0x0000000089800000| Complete 
| 127|0x0000000089900000, 0x0000000089a00000, 0x0000000089a00000|100%| E|CS|TAMS 0x0000000089900000, 0x0000000089900000| Complete 

Card table byte_map: [0x000002594f710000,0x000002594fb10000] _byte_map_base: 0x000002594f303000

Marking Bits (Prev, Next): (CMBitMap*) 0x000002593840be00, (CMBitMap*) 0x000002593840be40
 Prev Bits: [0x000002594ff10000, 0x0000025951ea8000)
 Next Bits: [0x0000025951eb0000, 0x0000025953e48000)

Polling page: 0x0000025936170000

Metaspace:

Usage:
  Non-class:    307.14 KB used.
      Class:     13.95 KB used.
       Both:    321.09 KB used.

Virtual space:
  Non-class space:       64.00 MB reserved,     384.00 KB ( <1%) committed,  1 nodes.
      Class space:        1.00 GB reserved,     128.00 KB ( <1%) committed,  1 nodes.
             Both:        1.06 GB reserved,     512.00 KB ( <1%) committed. 

Chunk freelists:
   Non-Class:  4.00 MB
       Class:  3.75 MB
        Both:  7.74 MB

MaxMetaspaceSize: unlimited
CompressedClassSpaceSize: 1.00 GB
Initial GC threshold: 21.00 MB
Current GC threshold: 21.00 MB
CDS: on
MetaspaceReclaimPolicy: balanced
 - commit_granule_bytes: 65536.
 - commit_granule_words: 8192.
 - virtual_space_node_default_size: 8388608.
 - enlarge_chunks_in_place: 1.
 - new_chunks_are_fully_committed: 0.
 - uncommit_free_chunks: 1.
 - use_allocation_guard: 0.


Internal statistics:

num_allocs_failed_limit: 0.
num_arena_births: 6.
num_arena_deaths: 0.
num_vsnodes_births: 2.
num_vsnodes_deaths: 0.
num_space_committed: 8.
num_space_uncommitted: 0.
num_chunks_returned_to_freelist: 0.
num_chunks_taken_from_freelist: 7.
num_chunk_merges: 0.
num_chunk_splits: 4.
num_chunks_enlarged: 2.
num_inconsistent_stats: 0.

CodeHeap 'non-profiled nmethods': size=120000Kb used=50Kb max_used=50Kb free=119949Kb
 bounds [0x0000025947de0000, 0x0000025948050000, 0x000002594f310000]
CodeHeap 'profiled nmethods': size=120000Kb used=184Kb max_used=184Kb free=119815Kb
 bounds [0x0000025940310000, 0x0000025940580000, 0x0000025947840000]
CodeHeap 'non-nmethods': size=5760Kb used=1186Kb max_used=1186Kb free=4573Kb
 bounds [0x0000025947840000, 0x0000025947ab0000, 0x0000025947de0000]
 total_blobs=550 nmethods=171 adapters=290
 compilation: enabled
              stopped_count=0, restarted_count=0
 full_count=0

Compilation events (20 events):
Event: 0.520 Thread 0x0000025956330c70 nmethod 144 0x0000025940335c10 code [0x0000025940335dc0, 0x0000025940335ff8]
Event: 0.520 Thread 0x0000025956330c70  146       3       java.util.Optional::<init> (10 bytes)
Event: 0.520 Thread 0x0000025956330c70 nmethod 146 0x0000025940336110 code [0x00000259403362c0, 0x0000025940336478]
Event: 0.520 Thread 0x0000025956330c70  145       1       java.lang.module.ModuleDescriptor::packages (5 bytes)
Event: 0.520 Thread 0x0000025956330c70 nmethod 145 0x0000025947deae10 code [0x0000025947deafa0, 0x0000025947deb058]
Event: 0.520 Thread 0x0000025956330c70  147       3       java.util.Optional::ofNullable (19 bytes)
Event: 0.520 Thread 0x0000025956330c70 nmethod 147 0x0000025940336510 code [0x00000259403366c0, 0x0000025940336978]
Event: 0.520 Thread 0x0000025956330c70  148       3       java.lang.AbstractStringBuilder::isLatin1 (19 bytes)
Event: 0.521 Thread 0x0000025956330c70 nmethod 148 0x0000025940336a90 code [0x0000025940336c20, 0x0000025940336d98]
Event: 0.521 Thread 0x0000025956330c70  149       1       java.lang.module.ModuleDescriptor$Version::toString (5 bytes)
Event: 0.521 Thread 0x0000025956330c70 nmethod 149 0x0000025947deb110 code [0x0000025947deb2a0, 0x0000025947deb358]
Event: 0.521 Thread 0x0000025956330c70  152       3       java.lang.AbstractStringBuilder::ensureCapacityInternal (39 bytes)
Event: 0.521 Thread 0x0000025956330c70 nmethod 152 0x0000025940336e10 code [0x0000025940336fc0, 0x00000259403371f8]
Event: 0.521 Thread 0x0000025956330c70  150       1       java.lang.AbstractStringBuilder::getValue (5 bytes)
Event: 0.521 Thread 0x0000025956330c70 nmethod 150 0x0000025947deb410 code [0x0000025947deb5a0, 0x0000025947deb658]
Event: 0.521 Thread 0x0000025956330c70  151       1       java.lang.AbstractStringBuilder::length (5 bytes)
Event: 0.521 Thread 0x0000025956330c70 nmethod 151 0x0000025947deb710 code [0x0000025947deb8a0, 0x0000025947deb958]
Event: 0.521 Thread 0x0000025956330c70  155       3       java.util.ImmutableCollections$Set12$1::next (95 bytes)
Event: 0.522 Thread 0x0000025956330c70 nmethod 155 0x0000025940337310 code [0x00000259403374e0, 0x0000025940337768]
Event: 0.522 Thread 0x0000025956330c70  154       3       java.util.AbstractMap::<init> (5 bytes)

GC Heap History (0 events):
No events

Dll operation events (2 events):
Event: 0.103 Loaded shared library C:\Users\UJJWAL'S_WORLD\.jdks\openjdk-19.0.2\bin\java.dll
Event: 0.117 Loaded shared library C:\Users\UJJWAL'S_WORLD\.jdks\openjdk-19.0.2\bin\jsvml.dll

Deoptimization events (0 events):
No events

Classes loaded (2 events):
Event: 0.131 Loading class sun/nio/cs/UTF_8$Encoder
Event: 0.132 Loading class sun/nio/cs/UTF_8$Encoder done

Classes unloaded (0 events):
No events

Classes redefined (0 events):
No events

Internal exceptions (0 events):
No events

VM Operations (2 events):
Event: 0.504 Executing VM operation: HandshakeAllThreads
Event: 0.504 Executing VM operation: HandshakeAllThreads done

Events (11 events):
Event: 0.117 Thread 0x00000259383ad310 Thread added: 0x00000259383ad310
Event: 0.133 Thread 0x00000259563180d0 Thread added: 0x00000259563180d0
Event: 0.133 Thread 0x0000025956318c00 Thread added: 0x0000025956318c00
Event: 0.134 Thread 0x000002595631a130 Thread added: 0x000002595631a130
Event: 0.134 Thread 0x000002595631ac60 Thread added: 0x000002595631ac60
Event: 0.134 Thread 0x000002595631d5a0 Thread added: 0x000002595631d5a0
Event: 0.134 Thread 0x000002595631e010 Thread added: 0x000002595631e010
Event: 0.134 Thread 0x00000259563242c0 Thread added: 0x00000259563242c0
Event: 0.134 Thread 0x0000025956330c70 Thread added: 0x0000025956330c70
Event: 0.134 Thread 0x0000025956333200 Thread added: 0x0000025956333200
Event: 0.432 Thread 0x000002595a55d2f0 Thread added: 0x000002595a55d2f0


Dynamic libraries:
0x00007ff6c4990000 - 0x00007ff6c499e000 	C:\Users\UJJWAL'S_WORLD\.jdks\openjdk-19.0.2\bin\java.exe
0x00007ff9bd070000 - 0x00007ff9bd268000 	C:\WINDOWS\SYSTEM32\ntdll.dll
0x00007ff9bb0d0000 - 0x00007ff9bb18f000 	C:\WINDOWS\System32\KERNEL32.DLL
0x00007ff9bac80000 - 0x00007ff9baf76000 	C:\WINDOWS\System32\KERNELBASE.dll
0x00007ff9bafd0000 - 0x00007ff9bb0d0000 	C:\WINDOWS\System32\ucrtbase.dll
0x00007ff9b5c90000 - 0x00007ff9b5cab000 	C:\Users\UJJWAL'S_WORLD\.jdks\openjdk-19.0.2\bin\VCRUNTIME140.dll
0x00007ff9b5cb0000 - 0x00007ff9b5cc7000 	C:\Users\UJJWAL'S_WORLD\.jdks\openjdk-19.0.2\bin\jli.dll
0x00007ff9bb720000 - 0x00007ff9bb8bd000 	C:\WINDOWS\System32\USER32.dll
0x00007ff9ba900000 - 0x00007ff9ba922000 	C:\WINDOWS\System32\win32u.dll
0x00007ff9bbec0000 - 0x00007ff9bbeec000 	C:\WINDOWS\System32\GDI32.dll
0x00007ff9ba750000 - 0x00007ff9ba865000 	C:\WINDOWS\System32\gdi32full.dll
0x00007ff9ba9e0000 - 0x00007ff9baa7d000 	C:\WINDOWS\System32\msvcp_win.dll
0x00007ff9af970000 - 0x00007ff9afc0a000 	C:\WINDOWS\WinSxS\amd64_microsoft.windows.common-controls_6595b64144ccf1df_6.0.19041.1110_none_60b5254171f9507e\COMCTL32.dll
0x00007ff9bbfb0000 - 0x00007ff9bc04e000 	C:\WINDOWS\System32\msvcrt.dll
0x00007ff9bc8c0000 - 0x00007ff9bc8f0000 	C:\WINDOWS\System32\IMM32.DLL
0x00007ff9b61c0000 - 0x00007ff9b61cc000 	C:\Users\UJJWAL'S_WORLD\.jdks\openjdk-19.0.2\bin\vcruntime140_1.dll
0x00007ff9b4540000 - 0x00007ff9b45ce000 	C:\Users\UJJWAL'S_WORLD\.jdks\openjdk-19.0.2\bin\msvcp140.dll
0x00007ff97fac0000 - 0x00007ff980780000 	C:\Users\UJJWAL'S_WORLD\.jdks\openjdk-19.0.2\bin\server\jvm.dll
0x00007ff9bb670000 - 0x00007ff9bb71f000 	C:\WINDOWS\System32\ADVAPI32.dll
0x00007ff9bb470000 - 0x00007ff9bb50c000 	C:\WINDOWS\System32\sechost.dll
0x00007ff9bbd30000 - 0x00007ff9bbe56000 	C:\WINDOWS\System32\RPCRT4.dll
0x00007ff9a5270000 - 0x00007ff9a5279000 	C:\WINDOWS\SYSTEM32\WSOCK32.dll
0x00007ff9adc20000 - 0x00007ff9adc47000 	C:\WINDOWS\SYSTEM32\WINMM.dll
0x00007ff9b2a30000 - 0x00007ff9b2a3a000 	C:\WINDOWS\SYSTEM32\VERSION.dll
0x00007ff9bca40000 - 0x00007ff9bcaab000 	C:\WINDOWS\System32\WS2_32.dll
0x00007ff9b8600000 - 0x00007ff9b8612000 	C:\WINDOWS\SYSTEM32\kernel.appcore.dll
0x00007ff9b5b00000 - 0x00007ff9b5b0a000 	C:\Users\UJJWAL'S_WORLD\.jdks\openjdk-19.0.2\bin\jimage.dll
0x00007ff9a3460000 - 0x00007ff9a3644000 	C:\WINDOWS\SYSTEM32\DBGHELP.DLL
0x00007ff9a33f0000 - 0x00007ff9a3424000 	C:\WINDOWS\SYSTEM32\dbgcore.DLL
0x00007ff9ba870000 - 0x00007ff9ba8f2000 	C:\WINDOWS\System32\bcryptPrimitives.dll
0x00007ff9b5b10000 - 0x00007ff9b5b1e000 	C:\Users\UJJWAL'S_WORLD\.jdks\openjdk-19.0.2\bin\instrument.dll
0x00007ff9b14f0000 - 0x00007ff9b1516000 	C:\Users\UJJWAL'S_WORLD\.jdks\openjdk-19.0.2\bin\java.dll
0x00007ff98e370000 - 0x00007ff98e447000 	C:\Users\UJJWAL'S_WORLD\.jdks\openjdk-19.0.2\bin\jsvml.dll
0x00007ff9bc050000 - 0x00007ff9bc794000 	C:\WINDOWS\System32\SHELL32.dll
0x00007ff9b8800000 - 0x00007ff9b8f93000 	C:\WINDOWS\SYSTEM32\windows.storage.dll
0x00007ff9bcab0000 - 0x00007ff9bce04000 	C:\WINDOWS\System32\combase.dll
0x00007ff9ba1a0000 - 0x00007ff9ba1ce000 	C:\WINDOWS\SYSTEM32\Wldp.dll
0x00007ff9bc8f0000 - 0x00007ff9bc99d000 	C:\WINDOWS\System32\SHCORE.dll
0x00007ff9bce10000 - 0x00007ff9bce65000 	C:\WINDOWS\System32\shlwapi.dll
0x00007ff9ba690000 - 0x00007ff9ba6af000 	C:\WINDOWS\SYSTEM32\profapi.dll
0x00007ff9a4fb0000 - 0x00007ff9a4fc8000 	C:\Users\UJJWAL'S_WORLD\.jdks\openjdk-19.0.2\bin\zip.dll
0x00007ff9a5090000 - 0x00007ff9a50a3000 	C:\Users\UJJWAL'S_WORLD\.jdks\openjdk-19.0.2\bin\net.dll
0x00007ff9b0d20000 - 0x00007ff9b0e2a000 	C:\WINDOWS\SYSTEM32\WINHTTP.dll
0x00007ff9b9f00000 - 0x00007ff9b9f6a000 	C:\WINDOWS\system32\mswsock.dll
0x00007ff9a5010000 - 0x00007ff9a5026000 	C:\Users\UJJWAL'S_WORLD\.jdks\openjdk-19.0.2\bin\nio.dll

dbghelp: loaded successfully - version: 4.0.5 - missing functions: none
symbol engine: initialized successfully - sym options: 0x614 - pdb path: .;C:\Users\UJJWAL'S_WORLD\.jdks\openjdk-19.0.2\bin;C:\WINDOWS\SYSTEM32;C:\WINDOWS\WinSxS\amd64_microsoft.windows.common-controls_6595b64144ccf1df_6.0.19041.1110_none_60b5254171f9507e;C:\Users\UJJWAL'S_WORLD\.jdks\openjdk-19.0.2\bin\server

VM Arguments:
jvm_args: -javaagent:C:\Program Files\JetBrains\IntelliJ IDEA Community Edition 2022.3.3\lib\idea_rt.jar=50872:C:\Program Files\JetBrains\IntelliJ IDEA Community Edition 2022.3.3\bin -Dfile.encoding=UTF-8 -Dsun.stdout.encoding=UTF-8 -Dsun.stderr.encoding=UTF-8 
java_command: com.driver.Main
java_class_path (initial): C:\Users\UJJWAL'S_WORLD\Downloads\polymorphism-Ujjwal1023\target\classes
Launcher Type: SUN_STANDARD

[Global flags]
     intx CICompilerCount                          = 3                                         {product} {ergonomic}
     uint ConcGCThreads                            = 1                                         {product} {ergonomic}
     uint G1ConcRefinementThreads                  = 4                                         {product} {ergonomic}
   size_t G1HeapRegionSize                         = 1048576                                   {product} {ergonomic}
    uintx GCDrainStackTargetSize                   = 64                                        {product} {ergonomic}
   size_t InitialHeapSize                          = 134217728                                 {product} {ergonomic}
   size_t MarkStackSize                            = 4194304                                   {product} {ergonomic}
   size_t MaxHeapSize                              = 2120220672                                {product} {ergonomic}
   size_t MaxNewSize                               = 1271922688                                {product} {ergonomic}
   size_t MinHeapDeltaBytes                        = 1048576                                   {product} {ergonomic}
   size_t MinHeapSize                              = 8388608                                   {product} {ergonomic}
    uintx NonNMethodCodeHeapSize                   = 5832780                                {pd product} {ergonomic}
    uintx NonProfiledCodeHeapSize                  = 122912730                              {pd product} {ergonomic}
    uintx ProfiledCodeHeapSize                     = 122912730                              {pd product} {ergonomic}
    uintx ReservedCodeCacheSize                    = 251658240                              {pd product} {ergonomic}
     bool SegmentedCodeCache                       = true                                      {product} {ergonomic}
   size_t SoftMaxHeapSize                          = 2120220672                             {manageable} {ergonomic}
     bool UseCompressedClassPointers               = true                           {product lp64_product} {ergonomic}
     bool UseCompressedOops                        = true                           {product lp64_product} {ergonomic}
     bool UseG1GC                                  = true                                      {product} {ergonomic}
     bool UseLargePagesIndividualAllocation        = false                                  {pd product} {ergonomic}

Logging:
Log output configuration:
 #0: stdout all=warning uptime,level,tags foldmultilines=false
 #1: stderr all=off uptime,level,tags foldmultilines=false

Environment Variables:
PATH=C:\Program Files\Common Files\Oracle\Java\javapath;C:\Program Files (x86)\Intel\iCLS Client\;C:\Program Files\Intel\iCLS Client\;C:\WINDOWS\system32;C:\WINDOWS;C:\WINDOWS\System32\Wbem;C:\WINDOWS\System32\WindowsPowerShell\v1.0\;c:\Program Files (x86)\ATI Technologies\ATI.ACE\Core-Static;C:\Program Files (x86)\Intel\Intel(R) Management Engine Components\DAL;C:\Program Files\Intel\Intel(R) Management Engine Components\DAL;C:\Program Files (x86)\Intel\Intel(R) Management Engine Components\IPT;C:\Program Files\Intel\Intel(R) Management Engine Components\IPT;C:\WINDOWS\System32\OpenSSH\;C:\Program Files\Intel\WiFi\bin\;C:\Program Files\Common Files\Intel\WirelessCommon\;C:\Program Files\Git\cmd;C:\Program Files\MySQL\MySQL Shell 8.0\bin\;C:\Users\UJJWAL'S_WORLD\AppData\Local\Microsoft\WindowsApps;;C:\Program Files\JetBrains\IntelliJ IDEA Community Edition 2022.3.3\bin;
USERNAME=UJJWAL'S_WORLD
OS=Windows_NT
PROCESSOR_IDENTIFIER=Intel64 Family 6 Model 78 Stepping 3, GenuineIntel
TMP=C:\Users\UJJWAL~1\AppData\Local\Temp
TEMP=C:\Users\UJJWAL~1\AppData\Local\Temp



---------------  S Y S T E M  ---------------

OS:
 Windows 10 , 64 bit Build 19041 (10.0.19041.3031)
OS uptime: 0 days 2:21 hours

CPU: total 4 (initial active 4) (2 cores per cpu, 2 threads per core) family 6 model 78 stepping 3 microcode 0xcc, cx8, cmov, fxsr, ht, mmx, 3dnowpref, sse, sse2, sse3, ssse3, sse4.1, sse4.2, popcnt, lzcnt, tsc, tscinvbit, avx, avx2, aes, erms, clmul, bmi1, bmi2, adx, fma, vzeroupper, clflush, clflushopt, rdtscp

Memory: 4k page, system-wide physical 8083M (349M free)
TotalPageFile size 32659M (AvailPageFile size 59M)
current process WorkingSet (physical memory assigned to process): 31M, peak: 31M
current process commit charge ("private bytes"): 202M, peak: 202M

vm_info: OpenJDK 64-Bit Server VM (19.0.2+7-44) for windows-amd64 JRE (19.0.2+7-44), built on 2022-11-30T18:02:09Z by "mach5one" with MS VC++ 17.1 (VS2022)

END.
